INFO 2025-08-30 00:55:47,978 autoreload 13652 7156 Watching for file changes with StatReloader
INFO 2025-08-30 00:56:26,507 autoreload 13652 7156 C:\Users\Yuri\OneDrive\Documents\technical challenge\hotel_api\backend\project\celery.py changed, reloading.
INFO 2025-08-30 00:56:27,194 autoreload 31196 34736 Watching for file changes with StatReloader
INFO 2025-08-30 00:58:21,696 basehttp 31196 6612 "GET /admin/reservations/reservation/ HTTP/1.1" 200 17127
INFO 2025-08-30 00:58:21,719 basehttp 31196 6612 "GET /static/admin/css/base.css HTTP/1.1" 304 0
INFO 2025-08-30 00:58:21,726 basehttp 31196 20748 "GET /static/admin/css/dark_mode.css HTTP/1.1" 304 0
INFO 2025-08-30 00:58:21,729 basehttp 31196 6612 "GET /static/admin/css/responsive.css HTTP/1.1" 304 0
INFO 2025-08-30 00:58:21,729 basehttp 31196 31544 "GET /static/admin/css/changelists.css HTTP/1.1" 304 0
INFO 2025-08-30 00:58:21,729 basehttp 31196 27624 "GET /static/admin/js/vendor/jquery/jquery.js HTTP/1.1" 304 0
INFO 2025-08-30 00:58:21,729 basehttp 31196 13040 "GET /static/admin/css/nav_sidebar.css HTTP/1.1" 304 0
INFO 2025-08-30 00:58:21,735 basehttp 31196 28344 "GET /admin/jsi18n/ HTTP/1.1" 200 3343
INFO 2025-08-30 00:58:21,735 basehttp 31196 20748 "GET /static/admin/js/jquery.init.js HTTP/1.1" 304 0
INFO 2025-08-30 00:58:21,737 basehttp 31196 13040 "GET /static/admin/js/actions.js HTTP/1.1" 304 0
INFO 2025-08-30 00:58:21,738 basehttp 31196 31544 "GET /static/admin/js/admin/RelatedObjectLookups.js HTTP/1.1" 304 0
INFO 2025-08-30 00:58:21,738 basehttp 31196 6612 "GET /static/admin/js/core.js HTTP/1.1" 304 0
INFO 2025-08-30 00:58:21,738 basehttp 31196 27624 "GET /static/admin/js/urlify.js HTTP/1.1" 304 0
INFO 2025-08-30 00:58:21,740 basehttp 31196 28344 "GET /static/admin/js/prepopulate.js HTTP/1.1" 304 0
INFO 2025-08-30 00:58:21,741 basehttp 31196 20748 "GET /static/admin/js/vendor/xregexp/xregexp.js HTTP/1.1" 304 0
INFO 2025-08-30 00:58:21,818 basehttp 31196 20748 "GET /static/admin/js/theme.js HTTP/1.1" 304 0
INFO 2025-08-30 00:58:21,818 basehttp 31196 28344 "GET /static/admin/js/nav_sidebar.js HTTP/1.1" 304 0
INFO 2025-08-30 00:58:21,834 basehttp 31196 28344 "GET /static/admin/js/filters.js HTTP/1.1" 304 0
INFO 2025-08-30 00:58:21,843 basehttp 31196 20748 "GET /static/admin/img/tooltag-add.svg HTTP/1.1" 304 0
INFO 2025-08-30 00:58:21,843 basehttp 31196 28344 "GET /static/admin/img/icon-addlink.svg HTTP/1.1" 304 0
INFO 2025-08-30 00:58:25,665 basehttp 31196 28344 "GET /admin/reservations/reservation/add/ HTTP/1.1" 200 17532
INFO 2025-08-30 00:58:25,690 basehttp 31196 28344 "GET /static/admin/css/forms.css HTTP/1.1" 304 0
INFO 2025-08-30 00:58:25,697 basehttp 31196 31544 "GET /static/admin/js/calendar.js HTTP/1.1" 304 0
INFO 2025-08-30 00:58:25,697 basehttp 31196 27624 "GET /static/admin/js/admin/DateTimeShortcuts.js HTTP/1.1" 304 0
INFO 2025-08-30 00:58:25,697 basehttp 31196 6612 "GET /static/admin/img/icon-viewlink.svg HTTP/1.1" 304 0
INFO 2025-08-30 00:58:25,699 basehttp 31196 13040 "GET /static/admin/img/icon-changelink.svg HTTP/1.1" 304 0
INFO 2025-08-30 00:58:25,701 basehttp 31196 20748 "GET /admin/jsi18n/ HTTP/1.1" 200 3343
INFO 2025-08-30 00:58:25,731 basehttp 31196 20748 "GET /static/admin/css/widgets.css HTTP/1.1" 304 0
INFO 2025-08-30 00:58:25,732 basehttp 31196 13040 "GET /static/admin/js/prepopulate_init.js HTTP/1.1" 304 0
INFO 2025-08-30 00:58:25,739 basehttp 31196 13040 "GET /static/admin/js/change_form.js HTTP/1.1" 304 0
INFO 2025-08-30 00:58:25,778 basehttp 31196 13040 "GET /static/admin/img/icon-calendar.svg HTTP/1.1" 304 0
INFO 2025-08-30 00:58:32,403 basehttp 31196 13040 "GET /static/admin/img/calendar-icons.svg HTTP/1.1" 304 0
INFO 2025-08-30 00:58:48,813 basehttp 31196 13040 "POST /admin/reservations/reservation/add/ HTTP/1.1" 302 0
INFO 2025-08-30 00:58:48,838 basehttp 31196 13040 "GET /admin/reservations/reservation/ HTTP/1.1" 200 17938
INFO 2025-08-30 00:58:48,870 basehttp 31196 13040 "GET /admin/jsi18n/ HTTP/1.1" 200 3343
INFO 2025-08-30 00:58:48,902 basehttp 31196 13040 "GET /static/admin/img/icon-yes.svg HTTP/1.1" 304 0
INFO 2025-08-30 01:00:19,143 autoreload 31196 34736 C:\Users\Yuri\OneDrive\Documents\technical challenge\hotel_api\backend\project\settings.py changed, reloading.
INFO 2025-08-30 01:00:19,894 autoreload 34212 22560 Watching for file changes with StatReloader
INFO 2025-08-30 01:07:21,177 basehttp 34212 25096 "GET /admin/reservations/reservation/1/change/ HTTP/1.1" 200 17931
INFO 2025-08-30 01:07:21,208 basehttp 34212 25096 "GET /admin/jsi18n/ HTTP/1.1" 200 3343
INFO 2025-08-30 01:07:26,278 basehttp 34212 25096 "GET /admin/customers/customer/2/change/?_to_field=id&_popup=1 HTTP/1.1" 200 6190
INFO 2025-08-30 01:07:26,300 basehttp 34212 25096 "GET /admin/jsi18n/ HTTP/1.1" 200 3343
INFO 2025-08-30 01:07:30,689 basehttp 34212 25096 "GET /admin/users/user/3/change/?_to_field=id&_popup=1 HTTP/1.1" 200 20031
INFO 2025-08-30 01:07:30,711 basehttp 34212 25096 "GET /admin/jsi18n/ HTTP/1.1" 200 3343
INFO 2025-08-30 01:07:30,756 basehttp 34212 20740 "GET /static/admin/js/SelectBox.js HTTP/1.1" 200 4646
INFO 2025-08-30 01:07:30,760 basehttp 34212 31884 "GET /static/admin/js/SelectFilter2.js HTTP/1.1" 200 15575
INFO 2025-08-30 01:07:30,807 basehttp 34212 31884 "GET /static/admin/img/search.svg HTTP/1.1" 304 0
INFO 2025-08-30 01:07:30,815 basehttp 34212 20740 "GET /static/admin/img/icon-clock.svg HTTP/1.1" 200 686
INFO 2025-08-30 01:07:30,815 basehttp 34212 31884 "GET /static/admin/img/selector-icons.svg HTTP/1.1" 200 3325
INFO 2025-08-30 01:07:37,494 basehttp 34212 20740 "GET /static/admin/img/icon-unknown.svg HTTP/1.1" 200 658
INFO 2025-08-30 01:07:37,494 basehttp 34212 31884 "GET /static/admin/img/icon-unknown-alt.svg HTTP/1.1" 200 658
INFO 2025-08-30 01:07:57,346 basehttp 34212 31884 "GET /admin/hotels/hotel/ HTTP/1.1" 200 14654
INFO 2025-08-30 01:07:57,376 basehttp 34212 31884 "GET /admin/jsi18n/ HTTP/1.1" 200 3343
INFO 2025-08-30 01:07:57,420 basehttp 34212 31884 "GET /static/admin/img/sorting-icons.svg HTTP/1.1" 304 0
INFO 2025-08-30 01:08:01,881 basehttp 34212 31884 "GET /admin/hotels/hotel/1/change/ HTTP/1.1" 200 19248
INFO 2025-08-30 01:08:01,908 basehttp 34212 31884 "GET /admin/jsi18n/ HTTP/1.1" 200 3343
INFO 2025-08-30 01:08:09,351 basehttp 34212 31884 "POST /admin/hotels/hotel/1/change/ HTTP/1.1" 302 0
INFO 2025-08-30 01:08:09,370 basehttp 34212 31884 "GET /admin/hotels/hotel/ HTTP/1.1" 200 14871
INFO 2025-08-30 01:08:09,401 basehttp 34212 31884 "GET /admin/jsi18n/ HTTP/1.1" 200 3343
INFO 2025-08-30 01:08:16,088 basehttp 34212 31884 "GET /admin/reservations/reservation/ HTTP/1.1" 200 17592
INFO 2025-08-30 01:08:16,119 basehttp 34212 31884 "GET /admin/jsi18n/ HTTP/1.1" 200 3343
INFO 2025-08-30 01:08:20,674 basehttp 34212 31884 "GET /admin/reservations/reservation/add/ HTTP/1.1" 200 17532
INFO 2025-08-30 01:08:20,701 basehttp 34212 31884 "GET /admin/jsi18n/ HTTP/1.1" 200 3343
INFO 2025-08-30 01:08:31,882 basehttp 34212 31884 "POST /admin/reservations/reservation/add/ HTTP/1.1" 302 0
INFO 2025-08-30 01:08:31,904 basehttp 34212 31884 "GET /admin/reservations/reservation/ HTTP/1.1" 200 18407
INFO 2025-08-30 01:08:31,934 basehttp 34212 31884 "GET /admin/jsi18n/ HTTP/1.1" 200 3343
INFO 2025-08-30 01:13:33,650 autoreload 34212 22560 C:\Users\Yuri\OneDrive\Documents\technical challenge\hotel_api\backend\project\settings.py changed, reloading.
INFO 2025-08-30 01:13:34,373 autoreload 12108 34620 Watching for file changes with StatReloader
INFO 2025-08-30 01:14:32,883 basehttp 12108 12808 "GET /admin/reservations/reservation/ HTTP/1.1" 200 18065
INFO 2025-08-30 01:14:32,909 basehttp 12108 12808 "GET /admin/jsi18n/ HTTP/1.1" 200 3343
INFO 2025-08-30 01:14:35,373 basehttp 12108 12808 "GET /admin/reservations/reservation/add/ HTTP/1.1" 200 17537
INFO 2025-08-30 01:14:35,412 basehttp 12108 12808 "GET /admin/jsi18n/ HTTP/1.1" 200 3343
INFO 2025-08-30 01:14:58,631 basehttp 12108 12808 "POST /admin/reservations/reservation/add/ HTTP/1.1" 302 0
INFO 2025-08-30 01:14:58,654 basehttp 12108 12808 "GET /admin/reservations/reservation/ HTTP/1.1" 200 18878
INFO 2025-08-30 01:14:58,686 basehttp 12108 12808 "GET /admin/jsi18n/ HTTP/1.1" 200 3343
INFO 2025-08-30 01:29:13,356 autoreload 12108 34620 C:\Users\Yuri\OneDrive\Documents\technical challenge\hotel_api\backend\project\settings.py changed, reloading.
INFO 2025-08-30 01:29:14,141 autoreload 21880 33064 Watching for file changes with StatReloader
INFO 2025-08-30 01:44:27,102 autoreload 13916 21392 Watching for file changes with StatReloader
INFO 2025-08-30 02:11:45,321 autoreload 10 140559327120256 Watching for file changes with StatReloader
INFO 2025-08-30 02:14:59,242 autoreload 10 125051637046144 Watching for file changes with StatReloader
INFO 2025-08-30 02:19:54,537 autoreload 13916 21392 C:\Users\Yuri\OneDrive\Documents\technical challenge\hotel_api\backend\project\celery.py changed, reloading.
INFO 2025-08-30 02:19:54,846 autoreload 10 125051637046144 /app/project/celery.py changed, reloading.
INFO 2025-08-30 02:19:55,233 autoreload 33340 15300 Watching for file changes with StatReloader
INFO 2025-08-30 02:19:56,108 autoreload 12 139630402956160 Watching for file changes with StatReloader
INFO 2025-08-30 02:20:11,080 autoreload 33340 15300 C:\Users\Yuri\OneDrive\Documents\technical challenge\hotel_api\backend\project\celery.py changed, reloading.
INFO 2025-08-30 02:20:11,180 autoreload 12 139630402956160 /app/project/celery.py changed, reloading.
INFO 2025-08-30 02:20:11,782 autoreload 20860 33172 Watching for file changes with StatReloader
INFO 2025-08-30 02:20:12,188 autoreload 14 125493336140672 Watching for file changes with StatReloader
INFO 2025-08-30 02:20:14,176 autoreload 14 125493336140672 /app/project/celery.py changed, reloading.
INFO 2025-08-30 02:20:14,625 autoreload 20860 33172 C:\Users\Yuri\OneDrive\Documents\technical challenge\hotel_api\backend\project\celery.py changed, reloading.
INFO 2025-08-30 02:20:15,193 autoreload 16 140572900334464 Watching for file changes with StatReloader
INFO 2025-08-30 02:20:15,305 autoreload 20680 21144 Watching for file changes with StatReloader
INFO 2025-08-30 02:20:28,935 autoreload 20680 21144 C:\Users\Yuri\OneDrive\Documents\technical challenge\hotel_api\backend\project\celery.py changed, reloading.
INFO 2025-08-30 02:20:29,157 autoreload 16 140572900334464 /app/project/celery.py changed, reloading.
INFO 2025-08-30 02:20:29,676 autoreload 30256 28144 Watching for file changes with StatReloader
INFO 2025-08-30 02:20:30,207 autoreload 18 133192970976128 Watching for file changes with StatReloader
INFO 2025-08-30 02:27:07,950 basehttp 30256 23004 "GET /admin/reservations/reservation/ HTTP/1.1" 200 18531
INFO 2025-08-30 02:27:07,974 basehttp 30256 23004 "GET /static/admin/css/base.css HTTP/1.1" 304 0
INFO 2025-08-30 02:27:07,977 basehttp 30256 2956 "GET /static/admin/css/dark_mode.css HTTP/1.1" 304 0
INFO 2025-08-30 02:27:07,978 basehttp 30256 26540 "GET /static/admin/css/changelists.css HTTP/1.1" 304 0
INFO 2025-08-30 02:27:07,978 basehttp 30256 31588 "GET /static/admin/css/nav_sidebar.css HTTP/1.1" 304 0
INFO 2025-08-30 02:27:07,978 basehttp 30256 34016 "GET /static/admin/css/responsive.css HTTP/1.1" 304 0
INFO 2025-08-30 02:27:07,981 basehttp 30256 23004 "GET /static/admin/js/vendor/jquery/jquery.js HTTP/1.1" 304 0
INFO 2025-08-30 02:27:07,982 basehttp 30256 2956 "GET /static/admin/js/jquery.init.js HTTP/1.1" 304 0
INFO 2025-08-30 02:27:07,983 basehttp 30256 31588 "GET /static/admin/js/core.js HTTP/1.1" 304 0
INFO 2025-08-30 02:27:07,983 basehttp 30256 34016 "GET /static/admin/js/actions.js HTTP/1.1" 304 0
INFO 2025-08-30 02:27:07,984 basehttp 30256 26540 "GET /static/admin/js/admin/RelatedObjectLookups.js HTTP/1.1" 304 0
INFO 2025-08-30 02:27:07,984 basehttp 30256 26136 "GET /admin/jsi18n/ HTTP/1.1" 200 3343
INFO 2025-08-30 02:27:07,986 basehttp 30256 23004 "GET /static/admin/js/urlify.js HTTP/1.1" 304 0
INFO 2025-08-30 02:27:07,987 basehttp 30256 31588 "GET /static/admin/js/vendor/xregexp/xregexp.js HTTP/1.1" 304 0
INFO 2025-08-30 02:27:07,987 basehttp 30256 2956 "GET /static/admin/js/prepopulate.js HTTP/1.1" 304 0
INFO 2025-08-30 02:27:08,069 basehttp 30256 31588 "GET /static/admin/js/theme.js HTTP/1.1" 304 0
INFO 2025-08-30 02:27:08,069 basehttp 30256 2956 "GET /static/admin/js/nav_sidebar.js HTTP/1.1" 304 0
INFO 2025-08-30 02:27:08,084 basehttp 30256 2956 "GET /static/admin/js/filters.js HTTP/1.1" 304 0
INFO 2025-08-30 02:27:08,092 basehttp 30256 2956 "GET /static/admin/img/icon-addlink.svg HTTP/1.1" 304 0
INFO 2025-08-30 02:27:08,092 basehttp 30256 31588 "GET /static/admin/img/tooltag-add.svg HTTP/1.1" 304 0
INFO 2025-08-30 02:27:13,049 basehttp 30256 31588 "GET /admin/rooms/room/ HTTP/1.1" 200 14724
INFO 2025-08-30 02:27:13,077 basehttp 30256 26136 "GET /static/admin/img/icon-yes.svg HTTP/1.1" 304 0
INFO 2025-08-30 02:27:13,077 basehttp 30256 2956 "GET /static/admin/img/search.svg HTTP/1.1" 304 0
INFO 2025-08-30 02:27:13,081 basehttp 30256 31588 "GET /admin/jsi18n/ HTTP/1.1" 200 3343
INFO 2025-08-30 02:27:13,134 basehttp 30256 31588 "GET /static/admin/img/sorting-icons.svg HTTP/1.1" 304 0
INFO 2025-08-30 02:27:22,110 basehttp 30256 31588 "GET /admin/rooms/room/ HTTP/1.1" 200 14724
INFO 2025-08-30 02:27:22,132 basehttp 30256 31588 "GET /admin/jsi18n/ HTTP/1.1" 200 3343
INFO 2025-08-30 02:30:00,140 autoreload 30256 28144 C:\Users\Yuri\OneDrive\Documents\technical challenge\hotel_api\backend\project\settings.py changed, reloading.
INFO 2025-08-30 02:30:00,555 autoreload 18 133192970976128 /app/project/settings.py changed, reloading.
INFO 2025-08-30 02:30:00,878 autoreload 32840 31996 Watching for file changes with StatReloader
INFO 2025-08-30 02:30:01,861 autoreload 20 132284313201536 Watching for file changes with StatReloader
INFO 2025-08-30 02:30:09,118 autoreload 32840 31996 C:\Users\Yuri\OneDrive\Documents\technical challenge\hotel_api\backend\project\settings.py changed, reloading.
INFO 2025-08-30 02:30:09,288 autoreload 20 132284313201536 /app/project/settings.py changed, reloading.
INFO 2025-08-30 02:30:09,800 autoreload 13912 5360 Watching for file changes with StatReloader
INFO 2025-08-30 02:30:10,273 autoreload 22 137339511798656 Watching for file changes with StatReloader
INFO 2025-08-30 02:30:36,274 autoreload 22 137339511798656 /app/project/settings.py changed, reloading.
INFO 2025-08-30 02:30:36,491 autoreload 13912 5360 C:\Users\Yuri\OneDrive\Documents\technical challenge\hotel_api\backend\project\settings.py changed, reloading.
INFO 2025-08-30 02:30:37,192 autoreload 23548 34488 Watching for file changes with StatReloader
INFO 2025-08-30 02:30:37,286 autoreload 24 137399643143040 Watching for file changes with StatReloader
INFO 2025-08-30 02:33:11,867 autoreload 23548 34488 C:\Users\Yuri\OneDrive\Documents\technical challenge\hotel_api\backend\reservations\serializers.py changed, reloading.
INFO 2025-08-30 02:33:12,188 autoreload 24 137399643143040 /app/reservations/serializers.py changed, reloading.
INFO 2025-08-30 02:33:12,532 autoreload 19088 27088 Watching for file changes with StatReloader
INFO 2025-08-30 02:33:13,154 autoreload 26 124390407342976 Watching for file changes with StatReloader
INFO 2025-08-30 02:33:20,557 autoreload 26 124390407342976 /app/reservations/serializers.py changed, reloading.
INFO 2025-08-30 02:33:20,771 autoreload 19088 27088 C:\Users\Yuri\OneDrive\Documents\technical challenge\hotel_api\backend\reservations\serializers.py changed, reloading.
INFO 2025-08-30 02:33:21,494 autoreload 8808 2436 Watching for file changes with StatReloader
INFO 2025-08-30 02:33:21,598 autoreload 28 128819140053888 Watching for file changes with StatReloader
INFO 2025-08-30 02:35:57,564 autoreload 28 128819140053888 /app/reservations/admin.py changed, reloading.
INFO 2025-08-30 02:35:58,023 autoreload 8808 2436 C:\Users\Yuri\OneDrive\Documents\technical challenge\hotel_api\backend\reservations\admin.py changed, reloading.
INFO 2025-08-30 02:35:58,711 autoreload 30296 29688 Watching for file changes with StatReloader
INFO 2025-08-30 02:35:58,832 autoreload 30 130914400369536 Watching for file changes with StatReloader
INFO 2025-08-30 02:38:42,186 basehttp 30 130914342782656 "GET /admin/reservations/reservation/ HTTP/1.1" 200 18531
INFO 2025-08-30 02:38:42,226 basehttp 30 130914342782656 "GET /admin/jsi18n/ HTTP/1.1" 200 3343
INFO 2025-08-30 02:38:45,250 basehttp 30 130914342782656 "GET /admin/reservations/reservation/add/ HTTP/1.1" 200 17537
INFO 2025-08-30 02:38:45,288 basehttp 30 130913958622912 "GET /static/admin/img/icon-viewlink.svg HTTP/1.1" 200 581
INFO 2025-08-30 02:38:45,288 basehttp 30 130914307065536 "GET /static/admin/img/icon-changelink.svg HTTP/1.1" 200 380
INFO 2025-08-30 02:38:45,289 basehttp 30 130914315474624 "GET /static/admin/js/admin/DateTimeShortcuts.js HTTP/1.1" 200 19319
INFO 2025-08-30 02:38:45,289 basehttp 30 130914342782656 "GET /static/admin/css/forms.css HTTP/1.1" 200 9090
INFO 2025-08-30 02:38:45,289 basehttp 30 130914323883712 "GET /static/admin/js/calendar.js HTTP/1.1" 200 8466
INFO 2025-08-30 02:38:45,295 basehttp 30 130914334389952 "GET /admin/jsi18n/ HTTP/1.1" 200 3343
INFO 2025-08-30 02:38:45,311 basehttp 30 130914315474624 "GET /static/admin/js/prepopulate_init.js HTTP/1.1" 200 586
INFO 2025-08-30 02:38:45,339 basehttp 30 130914342782656 "GET /static/admin/js/change_form.js HTTP/1.1" 200 606
INFO 2025-08-30 02:38:45,340 basehttp 30 130914334389952 "GET /static/admin/css/widgets.css HTTP/1.1" 200 11921
INFO 2025-08-30 02:38:45,406 basehttp 30 130914342782656 "GET /static/admin/img/icon-calendar.svg HTTP/1.1" 200 1086
INFO 2025-08-30 02:39:17,919 basehttp 30 130914342782656 "POST /admin/reservations/reservation/add/ HTTP/1.1" 302 0
INFO 2025-08-30 02:39:17,954 basehttp 30 130914342782656 "GET /admin/reservations/reservation/ HTTP/1.1" 200 19343
INFO 2025-08-30 02:39:17,997 basehttp 30 130914342782656 "GET /admin/jsi18n/ HTTP/1.1" 200 3343
INFO 2025-08-30 02:48:35,310 basehttp 30 130914342782656 "GET /admin/customers/customer/add/ HTTP/1.1" 200 14350
INFO 2025-08-30 02:48:35,337 basehttp 30 130914342782656 "GET /static/admin/css/forms.css HTTP/1.1" 304 0
INFO 2025-08-30 02:48:35,343 basehttp 30 130914307065536 "GET /static/admin/img/icon-viewlink.svg HTTP/1.1" 304 0
INFO 2025-08-30 02:48:35,343 basehttp 30 130914323883712 "GET /static/admin/img/icon-changelink.svg HTTP/1.1" 304 0
INFO 2025-08-30 02:48:35,352 basehttp 30 130914315474624 "GET /admin/jsi18n/ HTTP/1.1" 200 3343
INFO 2025-08-30 02:48:35,433 basehttp 30 130914315474624 "GET /static/admin/css/widgets.css HTTP/1.1" 304 0
INFO 2025-08-30 02:48:35,433 basehttp 30 130914342782656 "GET /static/admin/js/prepopulate_init.js HTTP/1.1" 304 0
INFO 2025-08-30 02:48:35,441 basehttp 30 130914342782656 "GET /static/admin/js/change_form.js HTTP/1.1" 304 0
INFO 2025-08-30 02:48:39,298 basehttp 30 130914342782656 "GET /admin/users/user/add/?_to_field=id&_popup=1 HTTP/1.1" 200 7450
INFO 2025-08-30 02:48:39,326 basehttp 30 130914342782656 "GET /admin/jsi18n/ HTTP/1.1" 200 3343
INFO 2025-08-30 02:48:45,378 basehttp 30 130914342782656 "GET /admin/employers/employer/add/ HTTP/1.1" 200 16460
INFO 2025-08-30 02:48:45,414 basehttp 30 130914342782656 "GET /admin/jsi18n/ HTTP/1.1" 200 3343
INFO 2025-08-30 02:48:47,498 basehttp 30 130914342782656 "GET /admin/users/user/add/?_to_field=id&_popup=1 HTTP/1.1" 200 7450
INFO 2025-08-30 02:48:47,528 basehttp 30 130914342782656 "GET /admin/jsi18n/ HTTP/1.1" 200 3343
INFO 2025-08-30 02:49:31,117 basehttp 30 130914342782656 "POST /admin/users/user/add/?_to_field=id&_popup=1 HTTP/1.1" 200 7649
INFO 2025-08-30 02:49:31,151 basehttp 30 130914342782656 "GET /admin/jsi18n/ HTTP/1.1" 200 3343
INFO 2025-08-30 02:49:50,191 basehttp 30 130914342782656 "POST /admin/users/user/add/?_to_field=id&_popup=1 HTTP/1.1" 200 7671
INFO 2025-08-30 02:49:50,223 basehttp 30 130914342782656 "GET /admin/jsi18n/ HTTP/1.1" 200 3343
INFO 2025-08-30 02:51:06,207 basehttp 30 130914342782656 "POST /admin/users/user/add/?_to_field=id&_popup=1 HTTP/1.1" 200 344
INFO 2025-08-30 02:51:06,230 basehttp 30 130914342782656 "GET /static/admin/js/popup_response.js HTTP/1.1" 200 551
ERROR 2025-08-30 02:51:20,512 log 30 130914342782656 Internal Server Error: /admin/employers/employer/add/
Traceback (most recent call last):
  File "/usr/local/lib/python3.11/site-packages/django/core/handlers/exception.py", line 55, in inner
    response = get_response(request)
               ^^^^^^^^^^^^^^^^^^^^^
  File "/usr/local/lib/python3.11/site-packages/django/core/handlers/base.py", line 197, in _get_response
    response = wrapped_callback(request, *callback_args, **callback_kwargs)
               ^^^^^^^^^^^^^^^^^^^^^^^^^^^^^^^^^^^^^^^^^^^^^^^^^^^^^^^^^^^^
  File "/usr/local/lib/python3.11/site-packages/django/contrib/admin/options.py", line 688, in wrapper
    return self.admin_site.admin_view(view)(*args, **kwargs)
           ^^^^^^^^^^^^^^^^^^^^^^^^^^^^^^^^^^^^^^^^^^^^^^^^^
  File "/usr/local/lib/python3.11/site-packages/django/utils/decorators.py", line 134, in _wrapper_view
    response = view_func(request, *args, **kwargs)
               ^^^^^^^^^^^^^^^^^^^^^^^^^^^^^^^^^^^
  File "/usr/local/lib/python3.11/site-packages/django/views/decorators/cache.py", line 62, in _wrapper_view_func
    response = view_func(request, *args, **kwargs)
               ^^^^^^^^^^^^^^^^^^^^^^^^^^^^^^^^^^^
  File "/usr/local/lib/python3.11/site-packages/django/contrib/admin/sites.py", line 242, in inner
    return view(request, *args, **kwargs)
           ^^^^^^^^^^^^^^^^^^^^^^^^^^^^^^
  File "/usr/local/lib/python3.11/site-packages/django/contrib/admin/options.py", line 1886, in add_view
    return self.changeform_view(request, None, form_url, extra_context)
           ^^^^^^^^^^^^^^^^^^^^^^^^^^^^^^^^^^^^^^^^^^^^^^^^^^^^^^^^^^^^
  File "/usr/local/lib/python3.11/site-packages/django/utils/decorators.py", line 46, in _wrapper
    return bound_method(*args, **kwargs)
           ^^^^^^^^^^^^^^^^^^^^^^^^^^^^^
  File "/usr/local/lib/python3.11/site-packages/django/utils/decorators.py", line 134, in _wrapper_view
    response = view_func(request, *args, **kwargs)
               ^^^^^^^^^^^^^^^^^^^^^^^^^^^^^^^^^^^
  File "/usr/local/lib/python3.11/site-packages/django/contrib/admin/options.py", line 1747, in changeform_view
    return self._changeform_view(request, object_id, form_url, extra_context)
           ^^^^^^^^^^^^^^^^^^^^^^^^^^^^^^^^^^^^^^^^^^^^^^^^^^^^^^^^^^^^^^^^^^
  File "/usr/local/lib/python3.11/site-packages/django/contrib/admin/options.py", line 1804, in _changeform_view
    self.log_addition(request, new_object, change_message)
  File "/usr/local/lib/python3.11/site-packages/django/contrib/admin/options.py", line 926, in log_addition
    object_repr=str(obj),
                ^^^^^^^^
TypeError: __str__ returned non-string (type NoneType)
ERROR 2025-08-30 02:51:20,514 basehttp 30 130914342782656 "POST /admin/employers/employer/add/ HTTP/1.1" 500 109786
INFO 2025-08-30 03:01:12,762 autoreload 30 130914400369536 /app/project/celery.py changed, reloading.
INFO 2025-08-30 03:01:13,734 autoreload 60 125840359463808 Watching for file changes with StatReloader
INFO 2025-08-30 03:04:44,058 autoreload 60 125840359463808 /app/project/celery.py changed, reloading.
INFO 2025-08-30 03:15:54,521 autoreload 14 140300679637888 Watching for file changes with StatReloader
INFO 2025-08-30 03:16:05,351 basehttp 14 140300622067392 "GET /admin/employers/employer/add/ HTTP/1.1" 200 16515
INFO 2025-08-30 03:16:05,389 basehttp 14 140300622067392 "GET /static/admin/css/forms.css HTTP/1.1" 304 0
INFO 2025-08-30 03:16:05,401 basehttp 14 140300542539456 "GET /admin/jsi18n/ HTTP/1.1" 200 3343
INFO 2025-08-30 03:16:05,425 basehttp 14 140300542539456 "GET /static/admin/img/icon-changelink.svg HTTP/1.1" 304 0
INFO 2025-08-30 03:16:05,504 basehttp 14 140300542539456 "GET /static/admin/img/icon-viewlink.svg HTTP/1.1" 304 0
INFO 2025-08-30 03:16:05,504 basehttp 14 140300622067392 "GET /static/admin/css/widgets.css HTTP/1.1" 304 0
INFO 2025-08-30 03:16:05,504 basehttp 14 140300534146752 "GET /static/admin/js/prepopulate_init.js HTTP/1.1" 304 0
INFO 2025-08-30 03:16:05,519 basehttp 14 140300622067392 "GET /static/admin/js/change_form.js HTTP/1.1" 304 0
INFO 2025-08-30 03:16:11,535 basehttp 14 140300622067392 "GET /admin/users/user/add/?_to_field=id&_popup=1 HTTP/1.1" 200 7450
INFO 2025-08-30 03:16:11,563 basehttp 14 140300622067392 "GET /admin/jsi18n/ HTTP/1.1" 200 3343
INFO 2025-08-30 03:16:28,330 basehttp 14 140300622067392 "POST /admin/employers/employer/add/ HTTP/1.1" 302 0
INFO 2025-08-30 03:16:28,367 basehttp 14 140300622067392 "GET /admin/employers/employer/ HTTP/1.1" 200 14165
INFO 2025-08-30 03:16:28,410 basehttp 14 140300622067392 "GET /admin/jsi18n/ HTTP/1.1" 200 3343
INFO 2025-08-30 03:16:35,341 basehttp 14 140300622067392 "GET /admin/employers/employer/1/change/ HTTP/1.1" 200 16768
INFO 2025-08-30 03:16:35,376 basehttp 14 140300622067392 "GET /admin/jsi18n/ HTTP/1.1" 200 3343
INFO 2025-08-30 03:16:40,083 basehttp 14 140300622067392 "GET /admin/employers/employer/ HTTP/1.1" 200 13953
INFO 2025-08-30 03:16:43,170 basehttp 14 140300622067392 "GET /admin/reservations/reservation/ HTTP/1.1" 200 18996
INFO 2025-08-30 03:16:43,210 basehttp 14 140300622067392 "GET /admin/jsi18n/ HTTP/1.1" 200 3343
INFO 2025-08-30 03:16:46,925 basehttp 14 140300622067392 "GET /admin/reservations/reservation/add/ HTTP/1.1" 200 17537
INFO 2025-08-30 03:16:46,954 basehttp 14 140300542539456 "GET /static/admin/js/calendar.js HTTP/1.1" 304 0
INFO 2025-08-30 03:16:46,955 basehttp 14 140300534146752 "GET /static/admin/js/admin/DateTimeShortcuts.js HTTP/1.1" 304 0
INFO 2025-08-30 03:16:46,960 basehttp 14 140300622067392 "GET /admin/jsi18n/ HTTP/1.1" 200 3343
INFO 2025-08-30 03:16:47,038 basehttp 14 140300622067392 "GET /static/admin/img/icon-calendar.svg HTTP/1.1" 304 0
INFO 2025-08-30 03:16:54,151 basehttp 14 140300622067392 "GET /static/admin/img/calendar-icons.svg HTTP/1.1" 200 1094
INFO 2025-08-30 03:17:08,685 basehttp 14 140300622067392 "POST /admin/reservations/reservation/add/ HTTP/1.1" 302 0
INFO 2025-08-30 03:17:08,719 basehttp 14 140300622067392 "GET /admin/reservations/reservation/ HTTP/1.1" 200 19717
INFO 2025-08-30 03:17:08,758 basehttp 14 140300622067392 "GET /admin/jsi18n/ HTTP/1.1" 200 3343
INFO 2025-08-30 03:45:58,265 autoreload 14 140300679637888 /app/project/celery.py changed, reloading.
INFO 2025-08-30 03:45:59,271 autoreload 80 140170649586560 Watching for file changes with StatReloader
INFO 2025-08-30 03:46:05,608 autoreload 80 140170649586560 /app/project/settings.py changed, reloading.
INFO 2025-08-30 03:46:06,582 autoreload 82 129360487402368 Watching for file changes with StatReloader
INFO 2025-08-30 03:46:08,508 autoreload 82 129360487402368 /app/project/celery.py changed, reloading.
INFO 2025-08-30 03:46:09,478 autoreload 84 123735805016960 Watching for file changes with StatReloader
INFO 2025-08-30 03:46:44,240 autoreload 84 123735805016960 /app/project/celery.py changed, reloading.
INFO 2025-08-30 03:46:45,229 autoreload 86 124586071858048 Watching for file changes with StatReloader
INFO 2025-08-30 03:48:03,446 autoreload 86 124586071858048 /app/project/settings.py changed, reloading.
INFO 2025-08-30 03:48:04,418 autoreload 88 128461165321088 Watching for file changes with StatReloader
INFO 2025-08-30 03:48:41,335 autoreload 88 128461165321088 /app/project/settings.py changed, reloading.
INFO 2025-08-30 03:48:42,432 autoreload 90 131784826887040 Watching for file changes with StatReloader
INFO 2025-08-30 03:48:44,446 autoreload 90 131784826887040 /app/project/settings.py changed, reloading.
INFO 2025-08-30 03:48:45,452 autoreload 92 136450878819200 Watching for file changes with StatReloader
